<?xml version="1.0" encoding="utf-8"?><testsuites name="pytest tests"><testsuite name="pytest" errors="0" failures="0" skipped="0" tests="16" time="3.670" timestamp="2026-04-01T09:50:35.033143+00:00" hostname="agent-env-2bd6e46c-fdac-4554-a2cc-cdeffc86e765"><testcase classname="backend.tests.test_comprehensive_api.TestAuthEndpoints" name="test_login_admin_success" time="0.245" /><testcase classname="backend.tests.test_comprehensive_api.TestAuthEndpoints" name="test_login_test_user_success" time="0.128" /><testcase classname="backend.tests.test_comprehensive_api.TestAuthEndpoints" name="test_login_invalid_credentials" time="0.179" /><testcase classname="backend.tests.test_comprehensive_api.TestAuthEndpoints" name="test_verify_token" time="0.250" /><testcase classname="backend.tests.test_comprehensive_api.TestUsersEndpoints" name="test_get_users_list_admin" time="0.133" /><testcase classname="backend.tests.test_comprehensive_api.TestUsersEndpoints" name="test_get_users_list_non_admin_forbidden" time="0.242" /><testcase classname="backend.tests.test_comprehensive_api.TestUsersEndpoints" name="test_get_current_user" time="0.129" /><testcase classname="backend.tests.test_comprehensive_api.TestDashboardEndpoints" name="test_get_dashboard" time="0.163" /><testcase classname="backend.tests.test_comprehensive_api.TestDashboardEndpoints" name="test_get_stats" time="0.171" /><testcase classname="backend.tests.test_comprehensive_api.TestControlsEndpoints" name="test_get_controls_patients" time="0.153" /><testcase classname="backend.tests.test_comprehensive_api.TestAuditEndpoints" name="test_get_recent_audit_logs" time="0.180" /><testcase classname="backend.tests.test_comprehensive_api.TestPatientsEndpoints" name="test_get_patients_list" time="0.819" /><testcase classname="backend.tests.test_comprehensive_api.TestPatientsEndpoints" name="test_create_and_get_patient" time="0.367" /><testcase classname="backend.tests.test_comprehensive_api.TestCalendarEndpoints" name="test_get_surgery_slots" time="0.131" /><testcase classname="backend.tests.test_comprehensive_api.TestCalendarEndpoints" name="test_get_calendar_data" time="0.133" /><testcase classname="backend.tests.test_comprehensive_api.TestLocationsEndpoints" name="test_get_locations" time="0.124" /></testsuite></testsuites>