<?xml version="1.0" encoding="utf-8"?><testsuites name="pytest tests"><testsuite name="pytest" errors="0" failures="0" skipped="0" tests="17" time="7.761" timestamp="2026-04-13T11:22:38.829226+00:00" hostname="agent-env-ff42f440-de6f-459e-ac7c-ad1d2003cc10"><testcase classname="backend.tests.test_location_access.TestAdminLoginLocationFields" name="test_admin_login_has_global_access" time="0.322" /><testcase classname="backend.tests.test_location_access.TestNonAdminLoginLocationFields" name="test_non_admin_login_has_location_fields" time="0.165" /><testcase classname="backend.tests.test_location_access.TestPatientsLocationFilter" name="test_admin_sees_all_patients" time="1.411" /><testcase classname="backend.tests.test_location_access.TestPatientsLocationFilter" name="test_non_admin_sees_filtered_patients" time="1.462" /><testcase classname="backend.tests.test_location_access.TestCalendarDataLocationFilter" name="test_admin_sees_all_slots" time="0.180" /><testcase classname="backend.tests.test_location_access.TestCalendarDataLocationFilter" name="test_non_admin_sees_filtered_slots" time="0.408" /><testcase classname="backend.tests.test_location_access.TestDashboardLocationFilter" name="test_admin_dashboard" time="0.230" /><testcase classname="backend.tests.test_location_access.TestDashboardLocationFilter" name="test_non_admin_dashboard_filtered" time="0.365" /><testcase classname="backend.tests.test_location_access.TestControlsLocationFilter" name="test_admin_controls" time="0.187" /><testcase classname="backend.tests.test_location_access.TestControlsLocationFilter" name="test_non_admin_controls_filtered" time="0.399" /><testcase classname="backend.tests.test_location_access.TestStatsLocationFilter" name="test_admin_stats" time="0.227" /><testcase classname="backend.tests.test_location_access.TestStatsLocationFilter" name="test_non_admin_stats_filtered" time="0.394" /><testcase classname="backend.tests.test_location_access.TestUserUpdateLocationFields" name="test_update_user_location_ids" time="0.544" /><testcase classname="backend.tests.test_location_access.TestUserUpdateLocationFields" name="test_update_user_global_access" time="0.547" /><testcase classname="backend.tests.test_location_access.TestSurgerySlotsLocationFilter" name="test_admin_sees_all_slots" time="0.174" /><testcase classname="backend.tests.test_location_access.TestSurgerySlotsLocationFilter" name="test_non_admin_sees_filtered_slots" time="0.378" /><testcase classname="backend.tests.test_location_access.TestSuggestions" name="test_suggestions_endpoint" time="0.208" /></testsuite></testsuites>