<?xml version="1.0" encoding="utf-8"?><testsuites name="pytest tests"><testsuite name="pytest" errors="0" failures="1" skipped="0" tests="29" time="8.843" timestamp="2026-03-01T21:53:05.746898+00:00" hostname="agent-env-9437b94f-849f-4fe7-a172-353c195f3c2c"><testcase classname="tests.test_auth_patients.TestAuthentication" name="test_login_with_valid_password" time="0.347" /><testcase classname="tests.test_auth_patients.TestAuthentication" name="test_login_with_invalid_password" time="0.185" /><testcase classname="tests.test_auth_patients.TestAuthentication" name="test_verify_token" time="0.226"><failure message="assert 401 == 200&#10; +  where 401 = &lt;Response [401]&gt;.status_code">tests/test_auth_patients.py:32: in test_verify_token
    assert response.status_code == 200
E   assert 401 == 200
E    +  where 401 = &lt;Response [401]&gt;.status_code</failure></testcase><testcase classname="tests.test_auth_patients.TestAuthentication" name="test_verify_invalid_token" time="0.156" /><testcase classname="tests.test_auth_patients.TestPatients" name="test_get_patients_list" time="0.292" /><testcase classname="tests.test_auth_patients.TestPatients" name="test_create_patient" time="0.343" /><testcase classname="tests.test_auth_patients.TestPatients" name="test_update_patient" time="0.455" /><testcase classname="tests.test_auth_patients.TestPatients" name="test_delete_patient" time="0.455" /><testcase classname="tests.test_auth_patients.TestPatients" name="test_filter_patients_by_status" time="0.216" /><testcase classname="tests.test_auth_patients.TestPatients" name="test_get_nonexistent_patient" time="0.232" /><testcase classname="tests.test_auth_patients.TestPatientVisits" name="test_add_visit_to_patient" time="0.383" /><testcase classname="tests.test_settings_slots_stats.TestLocations" name="test_get_locations_list" time="0.203" /><testcase classname="tests.test_settings_slots_stats.TestLocations" name="test_create_location" time="0.328" /><testcase classname="tests.test_settings_slots_stats.TestLocations" name="test_update_location" time="0.425" /><testcase classname="tests.test_settings_slots_stats.TestLocations" name="test_delete_location" time="0.365" /><testcase classname="tests.test_settings_slots_stats.TestProcedureTypes" name="test_get_procedure_types_list" time="0.264" /><testcase classname="tests.test_settings_slots_stats.TestProcedureTypes" name="test_create_procedure_type" time="0.314" /><testcase classname="tests.test_settings_slots_stats.TestProcedureTypes" name="test_delete_procedure_type" time="0.357" /><testcase classname="tests.test_settings_slots_stats.TestSurgerySlots" name="test_get_surgery_slots_list" time="0.191" /><testcase classname="tests.test_settings_slots_stats.TestSurgerySlots" name="test_create_surgery_slot" time="0.392" /><testcase classname="tests.test_settings_slots_stats.TestSurgerySlots" name="test_duplicate_slot_date_fails" time="0.343" /><testcase classname="tests.test_settings_slots_stats.TestSurgerySlots" name="test_toggle_slot_full_status" time="0.505" /><testcase classname="tests.test_settings_slots_stats.TestSurgerySlots" name="test_delete_surgery_slot" time="0.409" /><testcase classname="tests.test_settings_slots_stats.TestSurgerySlots" name="test_get_calendar_data" time="0.184" /><testcase classname="tests.test_settings_slots_stats.TestSurgerySlots" name="test_get_suggestions" time="0.194" /><testcase classname="tests.test_settings_slots_stats.TestStatsAndDashboard" name="test_get_dashboard" time="0.205" /><testcase classname="tests.test_settings_slots_stats.TestStatsAndDashboard" name="test_get_stats" time="0.222" /><testcase classname="tests.test_settings_slots_stats.TestStatsAndDashboard" name="test_get_stats_by_year" time="0.246" /><testcase classname="tests.test_settings_slots_stats.TestStatsAndDashboard" name="test_get_calendar_status" time="0.214" /></testsuite></testsuites>