<?xml version="1.0" encoding="utf-8"?><testsuites name="pytest tests"><testsuite name="pytest" errors="0" failures="0" skipped="0" tests="9" time="2.011" timestamp="2026-03-12T11:21:18.331463+00:00" hostname="agent-env-b98f9d5a-862e-4d78-b7da-9e32c2bd3a50"><testcase classname="backend.tests.test_rhinoplanner.TestRhinoPlannerAPI" name="test_get_patient_rhino_plan" time="0.300" /><testcase classname="backend.tests.test_rhinoplanner.TestRhinoPlannerAPI" name="test_put_rhino_plan_update" time="0.280" /><testcase classname="backend.tests.test_rhinoplanner.TestRhinoPlannerAPI" name="test_put_rhino_plan_procedures_structure" time="0.161" /><testcase classname="backend.tests.test_rhinoplanner.TestRhinoPlannerAPI" name="test_get_all_rhino_plans" time="0.146" /><testcase classname="backend.tests.test_rhinoplanner.TestRhinoPlannerAPI" name="test_get_nonexistent_patient_plan" time="0.166" /><testcase classname="backend.tests.test_rhinoplanner.TestRhinoPlannerAPI" name="test_put_with_canvas_data" time="0.198" /><testcase classname="backend.tests.test_rhinoplanner.TestRhinoPlannerAPI" name="test_put_partial_update" time="0.252" /><testcase classname="backend.tests.test_rhinoplanner.TestRhinoPlannerEdgeCases" name="test_empty_procedures_list" time="0.190" /><testcase classname="backend.tests.test_rhinoplanner.TestRhinoPlannerEdgeCases" name="test_special_characters_in_notes" time="0.203" /></testsuite></testsuites>